2022-02-26 21:42:23,660 [BombeRLeWorld] INFO: Initializing game world
2022-02-26 21:42:24,020 [BombeRLeWorld] INFO: STARTING ROUND #1
2022-02-26 21:42:24,039 [BombeRLeWorld] INFO: STARTING STEP 1
2022-02-26 21:42:24,048 [BombeRLeWorld] INFO: Agent <agent_007> chose action BOMB in 0.01s.
2022-02-26 21:42:24,048 [BombeRLeWorld] INFO: Agent <agent_007> stayed within acceptable think time.
2022-02-26 21:42:24,048 [BombeRLeWorld] INFO: Agent <agent_007> drops bomb at (1, 15)
2022-02-26 21:42:24,136 [BombeRLeWorld] INFO: STARTING STEP 2
2022-02-26 21:42:24,140 [BombeRLeWorld] INFO: Agent <agent_007> chose action UP in 0.00s.
2022-02-26 21:42:24,140 [BombeRLeWorld] INFO: Agent <agent_007> stayed within acceptable think time.
2022-02-26 21:42:24,234 [BombeRLeWorld] INFO: STARTING STEP 3
2022-02-26 21:42:24,242 [BombeRLeWorld] INFO: Agent <agent_007> chose action DOWN in 0.01s.
2022-02-26 21:42:24,242 [BombeRLeWorld] INFO: Agent <agent_007> stayed within acceptable think time.
2022-02-26 21:42:24,336 [BombeRLeWorld] INFO: STARTING STEP 4
2022-02-26 21:42:24,341 [BombeRLeWorld] INFO: Agent <agent_007> chose action UP in 0.00s.
2022-02-26 21:42:24,341 [BombeRLeWorld] INFO: Agent <agent_007> stayed within acceptable think time.
2022-02-26 21:42:24,439 [BombeRLeWorld] INFO: STARTING STEP 5
2022-02-26 21:42:24,443 [BombeRLeWorld] INFO: Agent <agent_007> chose action DOWN in 0.00s.
2022-02-26 21:42:24,443 [BombeRLeWorld] INFO: Agent <agent_007> stayed within acceptable think time.
2022-02-26 21:42:24,443 [BombeRLeWorld] INFO: Agent <agent_007>'s bomb at (1, 15) explodes
2022-02-26 21:42:24,443 [BombeRLeWorld] INFO: Agent <agent_007> blown up by own bomb
2022-02-26 21:42:24,443 [BombeRLeWorld] INFO: No agent left alive, wrap up round
2022-02-26 21:42:24,443 [BombeRLeWorld] INFO: WRAPPING UP ROUND #1
2022-02-26 21:42:25,934 [BombeRLeWorld] INFO: STARTING ROUND #2
2022-02-26 21:42:26,034 [BombeRLeWorld] INFO: STARTING STEP 1
2022-02-26 21:42:26,041 [BombeRLeWorld] INFO: Agent <agent_007> chose action WAIT in 0.01s.
2022-02-26 21:42:26,041 [BombeRLeWorld] INFO: Agent <agent_007> stayed within acceptable think time.
2022-02-26 21:42:26,139 [BombeRLeWorld] INFO: STARTING STEP 2
2022-02-26 21:42:26,144 [BombeRLeWorld] INFO: Agent <agent_007> chose action WAIT in 0.00s.
2022-02-26 21:42:26,144 [BombeRLeWorld] INFO: Agent <agent_007> stayed within acceptable think time.
2022-02-26 21:42:26,241 [BombeRLeWorld] INFO: STARTING STEP 3
2022-02-26 21:42:26,245 [BombeRLeWorld] INFO: Agent <agent_007> chose action WAIT in 0.00s.
2022-02-26 21:42:26,246 [BombeRLeWorld] INFO: Agent <agent_007> stayed within acceptable think time.
2022-02-26 21:42:26,336 [BombeRLeWorld] INFO: STARTING STEP 4
2022-02-26 21:42:26,339 [BombeRLeWorld] INFO: Agent <agent_007> chose action WAIT in 0.00s.
2022-02-26 21:42:26,339 [BombeRLeWorld] INFO: Agent <agent_007> stayed within acceptable think time.
2022-02-26 21:42:26,435 [BombeRLeWorld] INFO: STARTING STEP 5
2022-02-26 21:42:26,438 [BombeRLeWorld] INFO: Agent <agent_007> chose action WAIT in 0.00s.
2022-02-26 21:42:26,439 [BombeRLeWorld] INFO: Agent <agent_007> stayed within acceptable think time.
2022-02-26 21:42:26,536 [BombeRLeWorld] INFO: STARTING STEP 6
2022-02-26 21:42:26,538 [BombeRLeWorld] INFO: Agent <agent_007> chose action WAIT in 0.00s.
2022-02-26 21:42:26,538 [BombeRLeWorld] INFO: Agent <agent_007> stayed within acceptable think time.
2022-02-26 21:42:26,636 [BombeRLeWorld] INFO: STARTING STEP 7
2022-02-26 21:42:26,638 [BombeRLeWorld] INFO: Agent <agent_007> chose action WAIT in 0.00s.
2022-02-26 21:42:26,638 [BombeRLeWorld] INFO: Agent <agent_007> stayed within acceptable think time.
2022-02-26 21:42:26,733 [BombeRLeWorld] INFO: STARTING STEP 8
2022-02-26 21:42:26,736 [BombeRLeWorld] INFO: Agent <agent_007> chose action WAIT in 0.00s.
2022-02-26 21:42:26,736 [BombeRLeWorld] INFO: Agent <agent_007> stayed within acceptable think time.
2022-02-26 21:42:26,834 [BombeRLeWorld] INFO: STARTING STEP 9
2022-02-26 21:42:26,836 [BombeRLeWorld] INFO: Agent <agent_007> chose action WAIT in 0.00s.
2022-02-26 21:42:26,836 [BombeRLeWorld] INFO: Agent <agent_007> stayed within acceptable think time.
2022-02-26 21:42:26,934 [BombeRLeWorld] INFO: STARTING STEP 10
2022-02-26 21:42:26,937 [BombeRLeWorld] INFO: Agent <agent_007> chose action WAIT in 0.00s.
2022-02-26 21:42:26,937 [BombeRLeWorld] INFO: Agent <agent_007> stayed within acceptable think time.
2022-02-26 21:42:27,035 [BombeRLeWorld] INFO: STARTING STEP 11
2022-02-26 21:42:27,038 [BombeRLeWorld] INFO: Agent <agent_007> chose action WAIT in 0.00s.
2022-02-26 21:42:27,038 [BombeRLeWorld] INFO: Agent <agent_007> stayed within acceptable think time.
2022-02-26 21:42:27,136 [BombeRLeWorld] INFO: STARTING STEP 12
2022-02-26 21:42:27,139 [BombeRLeWorld] INFO: Agent <agent_007> chose action WAIT in 0.00s.
2022-02-26 21:42:27,139 [BombeRLeWorld] INFO: Agent <agent_007> stayed within acceptable think time.
2022-02-26 21:42:27,236 [BombeRLeWorld] INFO: STARTING STEP 13
2022-02-26 21:42:27,238 [BombeRLeWorld] INFO: Agent <agent_007> chose action WAIT in 0.00s.
2022-02-26 21:42:27,238 [BombeRLeWorld] INFO: Agent <agent_007> stayed within acceptable think time.
2022-02-26 21:42:27,336 [BombeRLeWorld] INFO: STARTING STEP 14
2022-02-26 21:42:27,340 [BombeRLeWorld] INFO: Agent <agent_007> chose action WAIT in 0.00s.
2022-02-26 21:42:27,341 [BombeRLeWorld] INFO: Agent <agent_007> stayed within acceptable think time.
2022-02-26 21:42:27,437 [BombeRLeWorld] INFO: STARTING STEP 15
2022-02-26 21:42:27,440 [BombeRLeWorld] INFO: Agent <agent_007> chose action WAIT in 0.00s.
2022-02-26 21:42:27,440 [BombeRLeWorld] INFO: Agent <agent_007> stayed within acceptable think time.
2022-02-26 21:42:27,556 [BombeRLeWorld] INFO: STARTING STEP 16
2022-02-26 21:42:27,565 [BombeRLeWorld] INFO: Agent <agent_007> chose action WAIT in 0.01s.
2022-02-26 21:42:27,566 [BombeRLeWorld] INFO: Agent <agent_007> stayed within acceptable think time.
2022-02-26 21:42:27,637 [BombeRLeWorld] INFO: STARTING STEP 17
2022-02-26 21:42:27,642 [BombeRLeWorld] INFO: Agent <agent_007> chose action WAIT in 0.00s.
2022-02-26 21:42:27,642 [BombeRLeWorld] INFO: Agent <agent_007> stayed within acceptable think time.
2022-02-26 21:42:27,740 [BombeRLeWorld] INFO: STARTING STEP 18
2022-02-26 21:42:27,745 [BombeRLeWorld] INFO: Agent <agent_007> chose action WAIT in 0.00s.
2022-02-26 21:42:27,745 [BombeRLeWorld] INFO: Agent <agent_007> stayed within acceptable think time.
2022-02-26 21:42:27,841 [BombeRLeWorld] INFO: STARTING STEP 19
2022-02-26 21:42:27,846 [BombeRLeWorld] INFO: Agent <agent_007> chose action WAIT in 0.00s.
2022-02-26 21:42:27,846 [BombeRLeWorld] INFO: Agent <agent_007> stayed within acceptable think time.
2022-02-26 21:42:27,937 [BombeRLeWorld] INFO: STARTING STEP 20
2022-02-26 21:42:27,940 [BombeRLeWorld] INFO: Agent <agent_007> chose action WAIT in 0.00s.
2022-02-26 21:42:27,940 [BombeRLeWorld] INFO: Agent <agent_007> stayed within acceptable think time.
2022-02-26 21:42:28,038 [BombeRLeWorld] INFO: STARTING STEP 21
2022-02-26 21:42:28,042 [BombeRLeWorld] INFO: Agent <agent_007> chose action WAIT in 0.00s.
2022-02-26 21:42:28,042 [BombeRLeWorld] INFO: Agent <agent_007> stayed within acceptable think time.
2022-02-26 21:42:28,135 [BombeRLeWorld] INFO: STARTING STEP 22
2022-02-26 21:42:28,138 [BombeRLeWorld] INFO: Agent <agent_007> chose action WAIT in 0.00s.
2022-02-26 21:42:28,138 [BombeRLeWorld] INFO: Agent <agent_007> stayed within acceptable think time.
2022-02-26 21:42:28,237 [BombeRLeWorld] INFO: STARTING STEP 23
2022-02-26 21:42:28,240 [BombeRLeWorld] INFO: Agent <agent_007> chose action WAIT in 0.00s.
2022-02-26 21:42:28,240 [BombeRLeWorld] INFO: Agent <agent_007> stayed within acceptable think time.
2022-02-26 21:42:28,338 [BombeRLeWorld] INFO: STARTING STEP 24
2022-02-26 21:42:28,341 [BombeRLeWorld] INFO: Agent <agent_007> chose action WAIT in 0.00s.
2022-02-26 21:42:28,342 [BombeRLeWorld] INFO: Agent <agent_007> stayed within acceptable think time.
2022-02-26 21:42:28,438 [BombeRLeWorld] INFO: STARTING STEP 25
2022-02-26 21:42:28,441 [BombeRLeWorld] INFO: Agent <agent_007> chose action WAIT in 0.00s.
2022-02-26 21:42:28,441 [BombeRLeWorld] INFO: Agent <agent_007> stayed within acceptable think time.
2022-02-26 21:42:28,537 [BombeRLeWorld] INFO: STARTING STEP 26
2022-02-26 21:42:28,539 [BombeRLeWorld] INFO: Agent <agent_007> chose action WAIT in 0.00s.
2022-02-26 21:42:28,540 [BombeRLeWorld] INFO: Agent <agent_007> stayed within acceptable think time.
2022-02-26 21:42:28,638 [BombeRLeWorld] INFO: STARTING STEP 27
2022-02-26 21:42:28,640 [BombeRLeWorld] INFO: Agent <agent_007> chose action WAIT in 0.00s.
2022-02-26 21:42:28,641 [BombeRLeWorld] INFO: Agent <agent_007> stayed within acceptable think time.
2022-02-26 21:42:28,738 [BombeRLeWorld] INFO: STARTING STEP 28
2022-02-26 21:42:28,741 [BombeRLeWorld] INFO: Agent <agent_007> chose action WAIT in 0.00s.
2022-02-26 21:42:28,742 [BombeRLeWorld] INFO: Agent <agent_007> stayed within acceptable think time.
2022-02-26 21:42:28,843 [BombeRLeWorld] INFO: STARTING STEP 29
2022-02-26 21:42:28,849 [BombeRLeWorld] INFO: Agent <agent_007> chose action WAIT in 0.01s.
2022-02-26 21:42:28,849 [BombeRLeWorld] INFO: Agent <agent_007> stayed within acceptable think time.
2022-02-26 21:42:28,940 [BombeRLeWorld] INFO: STARTING STEP 30
2022-02-26 21:42:28,943 [BombeRLeWorld] INFO: Agent <agent_007> chose action WAIT in 0.00s.
2022-02-26 21:42:28,944 [BombeRLeWorld] INFO: Agent <agent_007> stayed within acceptable think time.
2022-02-26 21:42:29,037 [BombeRLeWorld] INFO: STARTING STEP 31
2022-02-26 21:42:29,045 [BombeRLeWorld] INFO: Agent <agent_007> chose action WAIT in 0.00s.
2022-02-26 21:42:29,045 [BombeRLeWorld] INFO: Agent <agent_007> stayed within acceptable think time.
2022-02-26 21:42:29,138 [BombeRLeWorld] INFO: STARTING STEP 32
2022-02-26 21:42:29,140 [BombeRLeWorld] INFO: Agent <agent_007> chose action WAIT in 0.00s.
2022-02-26 21:42:29,140 [BombeRLeWorld] INFO: Agent <agent_007> stayed within acceptable think time.
2022-02-26 21:42:29,237 [BombeRLeWorld] INFO: STARTING STEP 33
2022-02-26 21:42:29,240 [BombeRLeWorld] INFO: Agent <agent_007> chose action WAIT in 0.00s.
2022-02-26 21:42:29,240 [BombeRLeWorld] INFO: Agent <agent_007> stayed within acceptable think time.
2022-02-26 21:42:29,337 [BombeRLeWorld] INFO: STARTING STEP 34
2022-02-26 21:42:29,340 [BombeRLeWorld] INFO: Agent <agent_007> chose action WAIT in 0.00s.
2022-02-26 21:42:29,340 [BombeRLeWorld] INFO: Agent <agent_007> stayed within acceptable think time.
2022-02-26 21:42:29,438 [BombeRLeWorld] INFO: STARTING STEP 35
2022-02-26 21:42:29,440 [BombeRLeWorld] INFO: Agent <agent_007> chose action WAIT in 0.00s.
2022-02-26 21:42:29,440 [BombeRLeWorld] INFO: Agent <agent_007> stayed within acceptable think time.
2022-02-26 21:42:29,542 [BombeRLeWorld] INFO: STARTING STEP 36
2022-02-26 21:42:29,553 [BombeRLeWorld] INFO: Agent <agent_007> chose action WAIT in 0.01s.
2022-02-26 21:42:29,553 [BombeRLeWorld] INFO: Agent <agent_007> stayed within acceptable think time.
2022-02-26 21:42:29,649 [BombeRLeWorld] INFO: STARTING STEP 37
2022-02-26 21:42:29,653 [BombeRLeWorld] INFO: Agent <agent_007> chose action WAIT in 0.00s.
2022-02-26 21:42:29,653 [BombeRLeWorld] INFO: Agent <agent_007> stayed within acceptable think time.
2022-02-26 21:42:29,736 [BombeRLeWorld] INFO: STARTING STEP 38
2022-02-26 21:42:29,740 [BombeRLeWorld] INFO: Agent <agent_007> chose action WAIT in 0.00s.
2022-02-26 21:42:29,740 [BombeRLeWorld] INFO: Agent <agent_007> stayed within acceptable think time.
2022-02-26 21:42:29,839 [BombeRLeWorld] INFO: STARTING STEP 39
2022-02-26 21:42:29,841 [BombeRLeWorld] INFO: Agent <agent_007> chose action WAIT in 0.00s.
2022-02-26 21:42:29,841 [BombeRLeWorld] INFO: Agent <agent_007> stayed within acceptable think time.
2022-02-26 21:42:29,938 [BombeRLeWorld] INFO: STARTING STEP 40
2022-02-26 21:42:29,941 [BombeRLeWorld] INFO: Agent <agent_007> chose action WAIT in 0.00s.
2022-02-26 21:42:29,941 [BombeRLeWorld] INFO: Agent <agent_007> stayed within acceptable think time.
2022-02-26 21:42:30,039 [BombeRLeWorld] INFO: STARTING STEP 41
2022-02-26 21:42:30,041 [BombeRLeWorld] INFO: Agent <agent_007> chose action WAIT in 0.00s.
2022-02-26 21:42:30,041 [BombeRLeWorld] INFO: Agent <agent_007> stayed within acceptable think time.
2022-02-26 21:42:30,138 [BombeRLeWorld] INFO: STARTING STEP 42
2022-02-26 21:42:30,140 [BombeRLeWorld] INFO: Agent <agent_007> chose action WAIT in 0.00s.
2022-02-26 21:42:30,140 [BombeRLeWorld] INFO: Agent <agent_007> stayed within acceptable think time.
2022-02-26 21:42:30,240 [BombeRLeWorld] INFO: STARTING STEP 43
2022-02-26 21:42:30,244 [BombeRLeWorld] INFO: Agent <agent_007> chose action WAIT in 0.00s.
2022-02-26 21:42:30,244 [BombeRLeWorld] INFO: Agent <agent_007> stayed within acceptable think time.
2022-02-26 21:42:30,338 [BombeRLeWorld] INFO: STARTING STEP 44
2022-02-26 21:42:30,341 [BombeRLeWorld] INFO: Agent <agent_007> chose action WAIT in 0.00s.
2022-02-26 21:42:30,341 [BombeRLeWorld] INFO: Agent <agent_007> stayed within acceptable think time.
2022-02-26 21:42:30,439 [BombeRLeWorld] INFO: STARTING STEP 45
2022-02-26 21:42:30,442 [BombeRLeWorld] INFO: Agent <agent_007> chose action WAIT in 0.00s.
2022-02-26 21:42:30,442 [BombeRLeWorld] INFO: Agent <agent_007> stayed within acceptable think time.
2022-02-26 21:42:30,538 [BombeRLeWorld] INFO: STARTING STEP 46
2022-02-26 21:42:30,541 [BombeRLeWorld] INFO: Agent <agent_007> chose action WAIT in 0.00s.
2022-02-26 21:42:30,541 [BombeRLeWorld] INFO: Agent <agent_007> stayed within acceptable think time.
2022-02-26 21:42:30,638 [BombeRLeWorld] INFO: STARTING STEP 47
2022-02-26 21:42:30,641 [BombeRLeWorld] INFO: Agent <agent_007> chose action WAIT in 0.00s.
2022-02-26 21:42:30,641 [BombeRLeWorld] INFO: Agent <agent_007> stayed within acceptable think time.
2022-02-26 21:42:30,739 [BombeRLeWorld] INFO: STARTING STEP 48
2022-02-26 21:42:30,743 [BombeRLeWorld] INFO: Agent <agent_007> chose action WAIT in 0.00s.
2022-02-26 21:42:30,743 [BombeRLeWorld] INFO: Agent <agent_007> stayed within acceptable think time.
2022-02-26 21:42:30,838 [BombeRLeWorld] INFO: STARTING STEP 49
2022-02-26 21:42:30,842 [BombeRLeWorld] INFO: Agent <agent_007> chose action BOMB in 0.00s.
2022-02-26 21:42:30,842 [BombeRLeWorld] INFO: Agent <agent_007> stayed within acceptable think time.
2022-02-26 21:42:30,842 [BombeRLeWorld] INFO: Agent <agent_007> drops bomb at (1, 1)
2022-02-26 21:42:30,960 [BombeRLeWorld] INFO: STARTING STEP 50
2022-02-26 21:42:30,966 [BombeRLeWorld] INFO: Agent <agent_007> chose action RIGHT in 0.01s.
2022-02-26 21:42:30,967 [BombeRLeWorld] INFO: Agent <agent_007> stayed within acceptable think time.
2022-02-26 21:42:31,039 [BombeRLeWorld] INFO: STARTING STEP 51
2022-02-26 21:42:31,045 [BombeRLeWorld] INFO: Agent <agent_007> chose action LEFT in 0.01s.
2022-02-26 21:42:31,045 [BombeRLeWorld] INFO: Agent <agent_007> stayed within acceptable think time.
2022-02-26 21:42:31,141 [BombeRLeWorld] INFO: STARTING STEP 52
2022-02-26 21:42:31,144 [BombeRLeWorld] INFO: Agent <agent_007> chose action RIGHT in 0.00s.
2022-02-26 21:42:31,145 [BombeRLeWorld] INFO: Agent <agent_007> stayed within acceptable think time.
2022-02-26 21:42:31,239 [BombeRLeWorld] INFO: STARTING STEP 53
2022-02-26 21:42:31,242 [BombeRLeWorld] INFO: Agent <agent_007> chose action LEFT in 0.00s.
2022-02-26 21:42:31,243 [BombeRLeWorld] INFO: Agent <agent_007> stayed within acceptable think time.
2022-02-26 21:42:31,244 [BombeRLeWorld] INFO: Agent <agent_007>'s bomb at (1, 1) explodes
2022-02-26 21:42:31,244 [BombeRLeWorld] INFO: Agent <agent_007> blown up by own bomb
2022-02-26 21:42:31,244 [BombeRLeWorld] INFO: No agent left alive, wrap up round
2022-02-26 21:42:31,244 [BombeRLeWorld] INFO: WRAPPING UP ROUND #2
